mediaplayer/build/intermediates/manifest_merge_blame_file/debug/manifest-merger-blame-debug-report.txt
1<?xml version="1.0" encoding="utf-8"?>
2<manifest xmlns:android="http://schemas.android.com/apk/res/android"
3    package="com.example.mediaplayer"
4    android:versionCode="1"
5    android:versionName="1" >
6
7    <uses-sdk
8        android:minSdkVersion="24"
8-->src\main\AndroidManifest.xml
9        android:targetSdkVersion="34" />
9-->src\main\AndroidManifest.xml
10
11    <uses-feature
11-->src\main\AndroidManifest.xml:5:5-7:35
12        android:name="android.hardware.type.automotive"
12-->src\main\AndroidManifest.xml:6:9-56
13        android:required="true" />
13-->src\main\AndroidManifest.xml:7:9-32
14
15    <uses-permission android:name="android.permission.INTERNET" />
15-->src\main\AndroidManifest.xml:9:5-67
15-->src\main\AndroidManifest.xml:9:22-64
16    <uses-permission android:name="android.permission.FOREGROUND_SERVICE" />
16-->src\main\AndroidManifest.xml:10:5-77
16-->src\main\AndroidManifest.xml:10:22-74
17    <uses-permission android:name="android.permission.FOREGROUND_SERVICE_MEDIA_PLAYBACK" />
17-->src\main\AndroidManifest.xml:11:5-92
17-->src\main\AndroidManifest.xml:11:22-89
18    <uses-permission android:name="android.permission.READ_EXTERNAL_STORAGE" />
18-->src\main\AndroidManifest.xml:12:5-80
18-->src\main\AndroidManifest.xml:12:22-77
19    <uses-permission android:name="android.permission.WRITE_EXTERNAL_STORAGE" />
19-->src\main\AndroidManifest.xml:13:5-81
19-->src\main\AndroidManifest.xml:13:22-78
20    <uses-permission android:name="android.permission.POST_NOTIFICATIONS" />
20-->src\main\AndroidManifest.xml:15:5-77
20-->src\main\AndroidManifest.xml:15:22-74
21    <uses-permission android:name="android.permission.WAKE_LOCK" />
21-->src\main\AndroidManifest.xml:16:5-68
21-->src\main\AndroidManifest.xml:16:22-65
22    <uses-permission android:name="android.permission.READ_MEDIA_VIDEO" />
22-->src\main\AndroidManifest.xml:17:5-75
22-->src\main\AndroidManifest.xml:17:22-72
23    <uses-permission android:name="android.permission.READ_MEDIA_IMAGES" />
23-->src\main\AndroidManifest.xml:18:5-76
23-->src\main\AndroidManifest.xml:18:22-73
24    <uses-permission android:name="android.permission.READ_MEDIA_AUDIO" />
24-->src\main\AndroidManifest.xml:19:5-75
24-->src\main\AndroidManifest.xml:19:22-72
25    <uses-permission android:name="android.permission.ACCESS_NETWORK_STATE" />
25-->[com.google.android.exoplayer:exoplayer-core:2.19.1] AndroidManifest.xml:24:5-79
25-->[com.google.android.exoplayer:exoplayer-core:2.19.1] AndroidManifest.xml:24:22-76
26
27    <permission
27-->[androidx.core:core:1.9.0] AndroidManifest.xml:22:5-24:47
28        android:name="com.example.mediaplayer.DYNAMIC_RECEIVER_NOT_EXPORTED_PERMISSION"
28-->[androidx.core:core:1.9.0] AndroidManifest.xml:23:9-81
29        android:protectionLevel="signature" />
29-->[androidx.core:core:1.9.0] AndroidManifest.xml:24:9-44
30
31    <uses-permission android:name="com.example.mediaplayer.DYNAMIC_RECEIVER_NOT_EXPORTED_PERMISSION" />
31-->[androidx.core:core:1.9.0] AndroidManifest.xml:26:5-97
31-->[androidx.core:core:1.9.0] AndroidManifest.xml:26:22-94
32
33    <application
33-->src\main\AndroidManifest.xml:21:5-116:19
34        android:allowBackup="true"
34-->src\main\AndroidManifest.xml:22:9-35
35        android:appCategory="audio"
35-->src\main\AndroidManifest.xml:23:9-36
36        android:appComponentFactory="androidx.core.app.CoreComponentFactory"
36-->[androidx.core:core:1.9.0] AndroidManifest.xml:28:18-86
37        android:dataExtractionRules="@xml/data_extraction_rules"
37-->src\main\AndroidManifest.xml:24:9-65
38        android:debuggable="true"
39        android:extractNativeLibs="false"
40        android:fullBackupContent="@xml/backup_rules"
40-->src\main\AndroidManifest.xml:25:9-54
41        android:icon="@mipmap/ic_launcher"
41-->src\main\AndroidManifest.xml:26:9-43
42        android:label="@string/app_name"
42-->src\main\AndroidManifest.xml:27:9-41
43        android:requestLegacyExternalStorage="true"
43-->src\main\AndroidManifest.xml:28:9-52
44        android:supportsRtl="true"
44-->src\main\AndroidManifest.xml:29:9-35
45        android:theme="@style/Theme.MediaPlayer" >
45-->src\main\AndroidManifest.xml:30:9-49
46        <meta-data
46-->src\main\AndroidManifest.xml:32:9-34:59
47            android:name="com.google.android.gms.car.application"
47-->src\main\AndroidManifest.xml:33:13-66
48            android:resource="@xml/automotive_app_desc" />
48-->src\main\AndroidManifest.xml:34:13-56
49        <meta-data
49-->src\main\AndroidManifest.xml:38:9-40:59
50            android:name="com.android.automotive"
50-->src\main\AndroidManifest.xml:39:13-50
51            android:resource="@xml/automotive_app_desc" />
51-->src\main\AndroidManifest.xml:40:13-56
52
53        <service
53-->src\main\AndroidManifest.xml:42:9-48:19
54            android:name="com.example.mediaplayer.MyMediaBrowserService"
54-->src\main\AndroidManifest.xml:43:13-50
55            android:exported="false" >
55-->src\main\AndroidManifest.xml:44:13-37
56            <intent-filter>
56-->src\main\AndroidManifest.xml:45:13-47:29
57                <action android:name="android.media.browse.MediaBrowserService" />
57-->src\main\AndroidManifest.xml:46:17-83
57-->src\main\AndroidManifest.xml:46:25-80
58            </intent-filter>
59        </service>
60
61        <activity
61-->src\main\AndroidManifest.xml:51:9-55:66
62            android:name="com.example.mediaplayer.Streaming_auto.car.PlayerActivity"
62-->src\main\AndroidManifest.xml:52:13-62
63            android:exported="true"
63-->src\main\AndroidManifest.xml:53:13-36
64            android:launchMode="singleTop"
64-->src\main\AndroidManifest.xml:54:13-43
65            android:theme="@style/Theme.AppCompat.NoActionBar" />
65-->src\main\AndroidManifest.xml:55:13-63
66        <activity
66-->src\main\AndroidManifest.xml:56:9-58:39
67            android:name="com.example.mediaplayer.Streaming_auto.car.PlayableFolderActivity"
67-->src\main\AndroidManifest.xml:57:13-70
68            android:exported="true" />
68-->src\main\AndroidManifest.xml:58:13-36
69
70        <service
70-->src\main\AndroidManifest.xml:60:9-69:19
71            android:name="com.example.mediaplayer.Streaming_auto.car.PlaybackService"
71-->src\main\AndroidManifest.xml:61:13-63
72            android:exported="true"
72-->src\main\AndroidManifest.xml:62:13-36
73            android:foregroundServiceType="mediaPlayback" >
73-->src\main\AndroidManifest.xml:63:13-58
74            <intent-filter>
74-->src\main\AndroidManifest.xml:64:13-68:29
75                <action android:name="androidx.media3.session.MediaLibraryService" />
75-->src\main\AndroidManifest.xml:65:17-86
75-->src\main\AndroidManifest.xml:65:25-83
76                <action android:name="android.media.browse.MediaBrowserService" />
76-->src\main\AndroidManifest.xml:46:17-83
76-->src\main\AndroidManifest.xml:46:25-80
77                <action android:name="android.media.action.MEDIA_PLAY_FROM_SEARCH" />
77-->src\main\AndroidManifest.xml:67:17-86
77-->src\main\AndroidManifest.xml:67:25-83
78            </intent-filter>
79        </service>
80
81        <activity
81-->src\main\AndroidManifest.xml:71:9-74:40
82            android:name="com.example.mediaplayer.player_activity.MusicPlayerActivity"
82-->src\main\AndroidManifest.xml:72:13-64
83            android:configChanges="orientation|screenSize|layoutDirection"
83-->src\main\AndroidManifest.xml:73:13-75
84            android:exported="false" />
84-->src\main\AndroidManifest.xml:74:13-37
85        <activity
85-->src\main\AndroidManifest.xml:75:9-78:40
86            android:name="com.example.mediaplayer.player_activity.VideoPlayerActivity"
86-->src\main\AndroidManifest.xml:76:13-64
87            android:configChanges="orientation|screenSize|layoutDirection"
87-->src\main\AndroidManifest.xml:77:13-75
88            android:exported="false" />
88-->src\main\AndroidManifest.xml:78:13-37
89        <activity
89-->src\main\AndroidManifest.xml:79:9-81:40
90            android:name="com.example.mediaplayer.SplashScreen"
90-->src\main\AndroidManifest.xml:80:13-41
91            android:exported="false" />
91-->src\main\AndroidManifest.xml:81:13-37
92
93        <provider
93-->src\main\AndroidManifest.xml:83:9-86:39
94            android:name="com.example.mediaplayer.Streaming_auto.car.BitmapContentProvider"
94-->src\main\AndroidManifest.xml:84:13-69
95            android:authorities="androidx.media3"
95-->src\main\AndroidManifest.xml:85:13-50
96            android:exported="true" />
96-->src\main\AndroidManifest.xml:86:13-36
97
98        <service
98-->src\main\AndroidManifest.xml:88:9-96:19
99            android:name="com.example.mediaplayer.Streaming_auto.car.AutomotiveService"
99-->src\main\AndroidManifest.xml:89:13-65
100            android:exported="true"
100-->src\main\AndroidManifest.xml:90:13-36
101            android:foregroundServiceType="mediaPlayback" >
101-->src\main\AndroidManifest.xml:91:13-58
102            <intent-filter>
102-->src\main\AndroidManifest.xml:92:13-95:29
103                <action android:name="androidx.media3.session.MediaLibraryService" />
103-->src\main\AndroidManifest.xml:65:17-86
103-->src\main\AndroidManifest.xml:65:25-83
104                <action android:name="android.media.browse.MediaBrowserService" />
104-->src\main\AndroidManifest.xml:46:17-83
104-->src\main\AndroidManifest.xml:46:25-80
105            </intent-filter>
106        </service>
107
108        <activity
108-->src\main\AndroidManifest.xml:98:9-100:40
109            android:name="com.example.mediaplayer.MainActivity"
109-->src\main\AndroidManifest.xml:99:13-41
110            android:exported="false" />
110-->src\main\AndroidManifest.xml:100:13-37
111        <activity
111-->src\main\AndroidManifest.xml:101:9-103:40
112            android:name="com.example.mediaplayer.folder_files_from_storage.MusicFiles"
112-->src\main\AndroidManifest.xml:102:13-65
113            android:exported="false" />
113-->src\main\AndroidManifest.xml:103:13-37
114        <activity
114-->src\main\AndroidManifest.xml:104:9-106:40
115            android:name="com.example.mediaplayer.folder_files_from_storage.VideoFiles"
115-->src\main\AndroidManifest.xml:105:13-65
116            android:exported="false" />
116-->src\main\AndroidManifest.xml:106:13-37
117        <activity
117-->src\main\AndroidManifest.xml:107:9-115:20
118            android:name="com.example.mediaplayer.Activity_Permissions"
118-->src\main\AndroidManifest.xml:108:13-49
119            android:exported="true" >
119-->src\main\AndroidManifest.xml:109:13-36
120            <intent-filter>
120-->src\main\AndroidManifest.xml:110:13-114:29
121                <action android:name="android.intent.action.MAIN" />
121-->src\main\AndroidManifest.xml:111:17-69
121-->src\main\AndroidManifest.xml:111:25-66
122
123                <category android:name="android.intent.category.LAUNCHER" />
123-->src\main\AndroidManifest.xml:113:17-77
123-->src\main\AndroidManifest.xml:113:27-74
124            </intent-filter>
125        </activity>
126
127        <provider
127-->[androidx.emoji2:emoji2:1.2.0] AndroidManifest.xml:24:9-32:20
128            android:name="androidx.startup.InitializationProvider"
128-->[androidx.emoji2:emoji2:1.2.0] AndroidManifest.xml:25:13-67
129            android:authorities="com.example.mediaplayer.androidx-startup"
129-->[androidx.emoji2:emoji2:1.2.0] AndroidManifest.xml:26:13-68
130            android:exported="false" >
130-->[androidx.emoji2:emoji2:1.2.0] AndroidManifest.xml:27:13-37
131            <meta-data
131-->[androidx.emoji2:emoji2:1.2.0] AndroidManifest.xml:29:13-31:52
132                android:name="androidx.emoji2.text.EmojiCompatInitializer"
132-->[androidx.emoji2:emoji2:1.2.0] AndroidManifest.xml:30:17-75
133                android:value="androidx.startup" />
133-->[androidx.emoji2:emoji2:1.2.0] AndroidManifest.xml:31:17-49
134            <meta-data
134-->[androidx.lifecycle:lifecycle-process:2.6.1] AndroidManifest.xml:29:13-31:52
135                android:name="androidx.lifecycle.ProcessLifecycleInitializer"
135-->[androidx.lifecycle:lifecycle-process:2.6.1] AndroidManifest.xml:30:17-78
136                android:value="androidx.startup" />
136-->[androidx.lifecycle:lifecycle-process:2.6.1] AndroidManifest.xml:31:17-49
137            <meta-data
137-->[androidx.profileinstaller:profileinstaller:1.3.0] AndroidManifest.xml:29:13-31:52
138                android:name="androidx.profileinstaller.ProfileInstallerInitializer"
138-->[androidx.profileinstaller:profileinstaller:1.3.0] AndroidManifest.xml:30:17-85
139                android:value="androidx.startup" />
139-->[androidx.profileinstaller:profileinstaller:1.3.0] AndroidManifest.xml:31:17-49
140        </provider>
141
142        <receiver
142-->[androidx.profileinstaller:profileinstaller:1.3.0] AndroidManifest.xml:34:9-52:20
143            android:name="androidx.profileinstaller.ProfileInstallReceiver"
143-->[androidx.profileinstaller:profileinstaller:1.3.0] AndroidManifest.xml:35:13-76
144            android:directBootAware="false"
144-->[androidx.profileinstaller:profileinstaller:1.3.0] AndroidManifest.xml:36:13-44
145            android:enabled="true"
145-->[androidx.profileinstaller:profileinstaller:1.3.0] AndroidManifest.xml:37:13-35
146            android:exported="true"
146-->[androidx.profileinstaller:profileinstaller:1.3.0] AndroidManifest.xml:38:13-36
147            android:permission="android.permission.DUMP" >
147-->[androidx.profileinstaller:profileinstaller:1.3.0] AndroidManifest.xml:39:13-57
148            <intent-filter>
148-->[androidx.profileinstaller:profileinstaller:1.3.0] AndroidManifest.xml:40:13-42:29
149                <action android:name="androidx.profileinstaller.action.INSTALL_PROFILE" />
149-->[androidx.profileinstaller:profileinstaller:1.3.0] AndroidManifest.xml:41:17-91
149-->[androidx.profileinstaller:profileinstaller:1.3.0] AndroidManifest.xml:41:25-88
150            </intent-filter>
151            <intent-filter>
151-->[androidx.profileinstaller:profileinstaller:1.3.0] AndroidManifest.xml:43:13-45:29
152                <action android:name="androidx.profileinstaller.action.SKIP_FILE" />
152-->[androidx.profileinstaller:profileinstaller:1.3.0] AndroidManifest.xml:44:17-85
152-->[androidx.profileinstaller:profileinstaller:1.3.0] AndroidManifest.xml:44:25-82
153            </intent-filter>
154            <intent-filter>
154-->[androidx.profileinstaller:profileinstaller:1.3.0] AndroidManifest.xml:46:13-48:29
155                <action android:name="androidx.profileinstaller.action.SAVE_PROFILE" />
155-->[androidx.profileinstaller:profileinstaller:1.3.0] AndroidManifest.xml:47:17-88
155-->[androidx.profileinstaller:profileinstaller:1.3.0] AndroidManifest.xml:47:25-85
156            </intent-filter>
157            <intent-filter>
157-->[androidx.profileinstaller:profileinstaller:1.3.0] AndroidManifest.xml:49:13-51:29
158                <action android:name="androidx.profileinstaller.action.BENCHMARK_OPERATION" />
158-->[androidx.profileinstaller:profileinstaller:1.3.0] AndroidManifest.xml:50:17-95
158-->[androidx.profileinstaller:profileinstaller:1.3.0] AndroidManifest.xml:50:25-92
159            </intent-filter>
160        </receiver>
161    </application>
162
163</manifest>